<?xml version='1.0' encoding='utf-8'?>
<testsuite name="INPUT CHECKS ONLY - no EPI2ME execution" tests="8" failures="0" skipped="0"><testcase name="IN-01" classname="REQ-01"><system-out>All six selected input files match the prepared SHA256 manifest</system-out></testcase><testcase name="IN-02:sample_1" classname="REQ-02"><system-out>10439 unique valid reads</system-out></testcase><testcase name="IN-02:sample_2" classname="REQ-02"><system-out>10440 unique valid reads</system-out></testcase><testcase name="IN-03:transgene.fasta" classname="REQ-03"><system-out>1 nonempty reference sequences</system-out></testcase><testcase name="IN-03:helper.fasta" classname="REQ-03"><system-out>1 nonempty reference sequences</system-out></testcase><testcase name="IN-03:repcap.fasta" classname="REQ-03"><system-out>1 nonempty reference sequences</system-out></testcase><testcase name="IN-03:cell_line.fasta.gz" classname="REQ-03"><system-out>1 nonempty reference sequences</system-out></testcase><testcase name="IN-04" classname="REQ-03"><system-out>Reviewed demo coordinates fit; reference identifiers are unique. Coordinate convention inherited from upstream demo.</system-out></testcase></testsuite>